2024-03-07 14:32:06 - The cron job is triggered
2024-03-07 14:32:06 - Before making the API request
2024-03-07 14:32:06 - The Url: https://staging.wellcomm.store/api/orders/?status=O&page=1
2024-03-07 14:32:07 - After making the API request. Response:"{\"orders\":[{\"order_id\":\"915664\",\"issuer_id\":null,\"user_id\":\"222039\",\"is_parent_order\":\"N\",\"parent_order_id\":\"0\",\"company_id\":\"355\",\"company\":\"\",\"timestamp\":\"1704704247\",\"firstname\":\"info\",\"lastname\":\"tsampashop\",\"email\":\"info@tsampashop.gr\",\"phone\":\"2152159145\",\"status\":\"O\",\"total\":\"17.90\",\"issuer_name\":null,\"issuer_email\":null,\"invoice_id\":null,\"credit_memo_id\":null,\"order_type\":\"O\",\"return_order_id\":\"0\"},{\"order_id\":\"915663\",\"issuer_id\":null,\"user_id\":\"222039\",\"is_parent_order\":\"N\",\"parent_order_id\":\"0\",\"company_id\":\"355\",\"company\":\"\",\"timestamp\":\"1704703888\",\"firstname\":\"info\",\"lastname\":\"tsampashop\",\"email\":\"info@tsampashop.gr\",\"phone\":\"2152159145\",\"status\":\"O\",\"total\":\"20.10\",\"issuer_name\":null,\"issuer_email\":null,\"invoice_id\":null,\"credit_memo_id\":null,\"order_type\":\"O\",\"return_order_id\":\"0\"}],\"params\":{\"page\":1,\"items_per_page\":20,\"extra\":[\"issuers\",\"invoice_docs\",\"memo_docs\"],\"ajax_custom\":\"1\",\"status\":\"O\",\"include_incompleted\":false,\"order_type\":\"O\",\"sort_order\":\"desc\",\"sort_by\":\"date\",\"sort_order_rev\":\"asc\",\"total_items\":\"2\"}}"and:{"url":"https:\/\/staging.wellcomm.store\/api\/orders\/?status=O&page=1","content_type":"application\/json","http_code":200,"header_size":535,"request_size":247,"filetime":-1,"ssl_verify_result":0,"redirect_count":0,"total_time":0.511461,"namelookup_time":0.116776,"connect_time":0.121694,"pretransfer_time":0.13962,"size_upload":0,"size_download":365,"speed_download":714,"speed_upload":0,"download_content_length":365,"upload_content_length":-1,"starttransfer_time":0.511407,"redirect_time":0,"redirect_url":"","primary_ip":"2a02:26f0:3100::1735:287a","certinfo":[],"primary_port":443,"local_ip":"2a01:4f8:161:3301::3","local_port":39758,"http_version":2,"protocol":2,"ssl_verifyresult":0,"scheme":"HTTPS","appconnect_time_us":139602,"connect_time_us":121694,"namelookup_time_us":116776,"pretransfer_time_us":139620,"redirect_time_us":0,"starttransfer_time_us":511407,"total_time_us":511461}
2024-03-07 14:32:07 - Order id to become key: 915664
2024-03-07 14:32:07 - The order_key was found in another order.
2024-03-07 14:32:07 - Order id to become key: 915663
2024-03-07 14:32:07 - The order_key was found in another order.
2024-03-07 14:32:07 - We are now checking for canceled orders
2024-03-07 14:32:07 - The Url: https://staging.wellcomm.store/api/orders/?status=I&page=1
2024-03-07 14:32:07 - Order id of the caceled order to check for the key: 915659
2024-03-07 14:32:07 - The order_key was not found in another order, check if something is wrong with the order
2024-03-07 14:32:07 - The cron job executed with success
2024-03-07 14:32:29 - The cron job is triggered
2024-03-07 14:32:29 - Before making the API request
2024-03-07 14:32:29 - The Url: https://staging.wellcomm.store/api/orders/?status=O&page=1
2024-03-07 14:32:30 - After making the API request. Response:"{\"orders\":[{\"order_id\":\"915664\",\"issuer_id\":null,\"user_id\":\"222039\",\"is_parent_order\":\"N\",\"parent_order_id\":\"0\",\"company_id\":\"355\",\"company\":\"\",\"timestamp\":\"1704704247\",\"firstname\":\"info\",\"lastname\":\"tsampashop\",\"email\":\"info@tsampashop.gr\",\"phone\":\"2152159145\",\"status\":\"O\",\"total\":\"17.90\",\"issuer_name\":null,\"issuer_email\":null,\"invoice_id\":null,\"credit_memo_id\":null,\"order_type\":\"O\",\"return_order_id\":\"0\"},{\"order_id\":\"915663\",\"issuer_id\":null,\"user_id\":\"222039\",\"is_parent_order\":\"N\",\"parent_order_id\":\"0\",\"company_id\":\"355\",\"company\":\"\",\"timestamp\":\"1704703888\",\"firstname\":\"info\",\"lastname\":\"tsampashop\",\"email\":\"info@tsampashop.gr\",\"phone\":\"2152159145\",\"status\":\"O\",\"total\":\"20.10\",\"issuer_name\":null,\"issuer_email\":null,\"invoice_id\":null,\"credit_memo_id\":null,\"order_type\":\"O\",\"return_order_id\":\"0\"}],\"params\":{\"page\":1,\"items_per_page\":20,\"extra\":[\"issuers\",\"invoice_docs\",\"memo_docs\"],\"ajax_custom\":\"1\",\"status\":\"O\",\"include_incompleted\":false,\"order_type\":\"O\",\"sort_order\":\"desc\",\"sort_by\":\"date\",\"sort_order_rev\":\"asc\",\"total_items\":\"2\"}}"and:{"url":"https:\/\/staging.wellcomm.store\/api\/orders\/?status=O&page=1","content_type":"application\/json","http_code":200,"header_size":534,"request_size":247,"filetime":-1,"ssl_verify_result":0,"redirect_count":0,"total_time":0.4034,"namelookup_time":0.000427,"connect_time":0.005292,"pretransfer_time":0.023504,"size_upload":0,"size_download":365,"speed_download":905,"speed_upload":0,"download_content_length":365,"upload_content_length":-1,"starttransfer_time":0.403338,"redirect_time":0,"redirect_url":"","primary_ip":"2a02:26f0:3100::1735:288a","certinfo":[],"primary_port":443,"local_ip":"2a01:4f8:161:3301::3","local_port":41664,"http_version":2,"protocol":2,"ssl_verifyresult":0,"scheme":"HTTPS","appconnect_time_us":23488,"connect_time_us":5292,"namelookup_time_us":427,"pretransfer_time_us":23504,"redirect_time_us":0,"starttransfer_time_us":403338,"total_time_us":403400}
2024-03-07 14:32:30 - Order id to become key: 915664
2024-03-07 14:32:30 - The order_key was found in another order.
2024-03-07 14:32:30 - Order id to become key: 915663
2024-03-07 14:32:30 - The order_key was found in another order.
2024-03-07 14:32:30 - We are now checking for canceled orders
2024-03-07 14:32:30 - The Url: https://staging.wellcomm.store/api/orders/?status=I&page=1
2024-03-07 14:32:30 - Order id of the caceled order to check for the key: 915659
2024-03-07 14:32:30 - The order_key was not found in another order, check if something is wrong with the order
2024-03-07 14:32:30 - The cron job executed with success
